<?xml version="1.0" encoding="UTF-8"?>
<!-- Generated by org.testng.reporters.JUnitReportReporter -->
<testsuite skipped="0" hostname="DESKTOP-M4LESO8" name="Tests.AddCategoryTest" tests="1" failures="0" timestamp="2021-01-30T09:50:03 CST" time="3.195" errors="0">
  <testcase name="CategoryAdd1" time="3.195" classname="Tests.AddCategoryTest"/>
  <system-out/>
</testsuite> <!-- Tests.AddCategoryTest -->
