<?xml version="1.0" encoding="UTF-8"?>
<!-- Generated by org.testng.reporters.JUnitReportReporter -->
<testsuite skipped="0" hostname="DESKTOP-M4LESO8" name="Tests.AddDuplicateCategoryTest" tests="1" failures="0" timestamp="2021-01-30T10:17:55 CST" time="1.070" errors="0">
  <testcase name="addDupCat" time="1.070" classname="Tests.AddDuplicateCategoryTest"/>
  <system-out/>
</testsuite> <!-- Tests.AddDuplicateCategoryTest -->
