<?xml version="1.0" encoding="UTF-8"?>
<!-- Generated by org.testng.reporters.JUnitReportReporter -->
<testsuite skipped="0" hostname="DESKTOP-M4LESO8" name="Tests.DropDownTest" tests="1" failures="0" timestamp="2021-01-30T10:51:04 CST" time="0.945" errors="0">
  <testcase name="dropDownTest" time="0.945" classname="Tests.DropDownTest"/>
  <system-out/>
</testsuite> <!-- Tests.DropDownTest -->
